[    17.289] (--) Log file renamed from "/home/alexwedeen/.local/share/xorg/Xorg.pid-1118.log" to "/home/alexwedeen/.local/share/xorg/Xorg.0.log"
[    17.291] 
X.Org X Server 1.20.4
X Protocol Version 11, Revision 0
[    17.291] Build Operating System: Linux 4.4.0-148-generic x86_64 Ubuntu
[    17.291] Current Operating System: Linux alexwedeen-VirtualBox 5.0.0-23-generic #24~18.04.1-Ubuntu SMP Mon Jul 29 16:12:28 UTC 2019 x86_64
[    17.291] Kernel command line: BOOT_IMAGE=/boot/vmlinuz-5.0.0-23-generic root=UUID=1242b606-3462-44ab-98bf-74a6500ea87d ro quiet splash
[    17.291] Build Date: 02 May 2019  08:06:54AM
[    17.291] xorg-server-hwe-18.04 2:1.20.4-1ubuntu3~18.04.1 (For technical support please see http://www.ubuntu.com/support) 
[    17.291] Current version of pixman: 0.34.0
[    17.291] 	Before reporting problems, check http://wiki.x.org
	to make sure that you have the latest version.
[    17.292] Markers: (--) probed, (**) from config file, (==) default setting,
	(++) from command line, (!!) notice, (II) informational,
	(WW) warning, (EE) error, (NI) not implemented, (??) unknown.
[    17.292] (==) Log file: "/home/alexwedeen/.local/share/xorg/Xorg.0.log", Time: Fri Sep 20 12:01:36 2019
[    17.293] (==) Using system config directory "/usr/share/X11/xorg.conf.d"
[    17.295] (==) No Layout section.  Using the first Screen section.
[    17.295] (==) No screen section available. Using defaults.
[    17.295] (**) |-->Screen "Default Screen Section" (0)
[    17.296] (**) |   |-->Monitor "<default monitor>"
[    17.297] (==) No monitor specified for screen "Default Screen Section".
	Using a default monitor configuration.
[    17.297] (==) Automatically adding devices
[    17.297] (==) Automatically enabling devices
[    17.297] (==) Automatically adding GPU devices
[    17.297] (==) Automatically binding GPU devices
[    17.297] (==) Max clients allowed: 256, resource mask: 0x1fffff
[    17.301] (WW) The directory "/usr/share/fonts/X11/cyrillic" does not exist.
[    17.301] 	Entry deleted from font path.
[    17.301] (WW) The directory "/usr/share/fonts/X11/100dpi/" does not exist.
[    17.301] 	Entry deleted from font path.
[    17.301] (WW) The directory "/usr/share/fonts/X11/75dpi/" does not exist.
[    17.301] 	Entry deleted from font path.
[    17.302] (WW) The directory "/usr/share/fonts/X11/100dpi" does not exist.
[    17.302] 	Entry deleted from font path.
[    17.302] (WW) The directory "/usr/share/fonts/X11/75dpi" does not exist.
[    17.302] 	Entry deleted from font path.
[    17.302] (==) FontPath set to:
	/usr/share/fonts/X11/misc,
	/usr/share/fonts/X11/Type1,
	built-ins
[    17.302] (==) ModulePath set to "/usr/lib/xorg/modules"
[    17.303] (II) The server relies on udev to provide the list of input devices.
	If no devices become available, reconfigure udev or disable AutoAddDevices.
[    17.303] (II) Loader magic: 0x55ddddf12020
[    17.303] (II) Module ABI versions:
[    17.303] 	X.Org ANSI C Emulation: 0.4
[    17.303] 	X.Org Video Driver: 24.0
[    17.303] 	X.Org XInput driver : 24.1
[    17.303] 	X.Org Server Extension : 10.0
[    17.304] (++) using VT number 1

[    17.307] (II) systemd-logind: took control of session /org/freedesktop/login1/session/_31
[    17.308] (II) xfree86: Adding drm device (/dev/dri/card0)
[    17.313] (II) systemd-logind: got fd for /dev/dri/card0 226:0 fd 12 paused 0
[    17.314] (--) PCI:*(0@0:2:0) 15ad:0405:15ad:0405 rev 0, Mem @ 0xf0000000/16777216, 0xf1000000/2097152, I/O @ 0x0000d010/16, BIOS @ 0x????????/131072
[    17.315] (II) LoadModule: "glx"
[    17.316] (II) Loading /usr/lib/xorg/modules/extensions/libglx.so
[    17.326] (II) Module glx: vendor="X.Org Foundation"
[    17.326] 	compiled for 1.20.4, module version = 1.0.0
[    17.326] 	ABI class: X.Org Server Extension, version 10.0
[    17.326] (==) Matched vmware as autoconfigured driver 0
[    17.326] (==) Matched modesetting as autoconfigured driver 1
[    17.326] (==) Matched fbdev as autoconfigured driver 2
[    17.326] (==) Matched vesa as autoconfigured driver 3
[    17.326] (==) Assigned the driver to the xf86ConfigLayout
[    17.326] (II) LoadModule: "vmware"
[    17.326] (II) Loading /usr/lib/xorg/modules/drivers/vmware_drv.so
[    17.436] (II) Module vmware: vendor="X.Org Foundation"
[    17.436] 	compiled for 1.20.1, module version = 13.3.0
[    17.436] 	Module class: X.Org Video Driver
[    17.436] 	ABI class: X.Org Video Driver, version 24.0
[    17.436] (II) LoadModule: "modesetting"
[    17.436] (II) Loading /usr/lib/xorg/modules/drivers/modesetting_drv.so
[    17.438] (II) Module modesetting: vendor="X.Org Foundation"
[    17.438] 	compiled for 1.20.4, module version = 1.20.4
[    17.438] 	Module class: X.Org Video Driver
[    17.438] 	ABI class: X.Org Video Driver, version 24.0
[    17.438] (II) LoadModule: "fbdev"
[    17.438] (II) Loading /usr/lib/xorg/modules/drivers/fbdev_drv.so
[    17.439] (II) Module fbdev: vendor="X.Org Foundation"
[    17.439] 	compiled for 1.20.1, module version = 0.5.0
[    17.439] 	Module class: X.Org Video Driver
[    17.439] 	ABI class: X.Org Video Driver, version 24.0
[    17.439] (II) LoadModule: "vesa"
[    17.440] (II) Loading /usr/lib/xorg/modules/drivers/vesa_drv.so
[    17.441] (II) Module vesa: vendor="X.Org Foundation"
[    17.441] 	compiled for 1.20.1, module version = 2.4.0
[    17.441] 	Module class: X.Org Video Driver
[    17.441] 	ABI class: X.Org Video Driver, version 24.0
[    17.441] (II) vmware: driver for VMware SVGA: vmware0405, vmware0710
[    17.441] (II) modesetting: Driver for Modesetting Kernel Drivers: kms
[    17.441] (II) FBDEV: driver for framebuffer: fbdev
[    17.441] (II) VESA: driver for VESA chipsets: vesa
[    17.441] xf86EnableIOPorts: failed to set IOPL for I/O (Operation not permitted)
[    17.442] (WW) Falling back to old probe method for modesetting
[    17.442] (WW) Falling back to old probe method for fbdev
[    17.442] (II) Loading sub module "fbdevhw"
[    17.442] (II) LoadModule: "fbdevhw"
[    17.442] (II) Loading /usr/lib/xorg/modules/libfbdevhw.so
[    17.443] (II) Module fbdevhw: vendor="X.Org Foundation"
[    17.443] 	compiled for 1.20.4, module version = 0.0.2
[    17.443] 	ABI class: X.Org Video Driver, version 24.0
[    17.443] (EE) open /dev/fb0: Permission denied
[    17.443] (WW) VGA arbiter: cannot open kernel arbiter, no multi-card support
[    17.444] (II) vmware(0): Creating default Display subsection in Screen section
	"Default Screen Section" for depth/fbbpp 24/32
[    17.444] (--) vmware(0): DRM driver version is 2.15.0
[    17.444] (==) vmware(0): Depth 24, (--) framebuffer bpp 32
[    17.444] (==) vmware(0): RGB weight 888
[    17.444] (==) vmware(0): Default visual is TrueColor
[    17.444] (--) vmware(0): Min width 1, Max Width 8192.
[    17.444] (--) vmware(0): Min height 1, Max Height 8192.
[    17.444] (II) vmware(0): Output Virtual1 has no monitor section
[    17.444] (II) vmware(0): Output Virtual2 has no monitor section
[    17.445] (II) vmware(0): Output Virtual3 has no monitor section
[    17.445] (II) vmware(0): Output Virtual4 has no monitor section
[    17.445] (II) vmware(0): Output Virtual5 has no monitor section
[    17.445] (II) vmware(0): Output Virtual6 has no monitor section
[    17.445] (II) vmware(0): Output Virtual7 has no monitor section
[    17.445] (II) vmware(0): Output Virtual8 has no monitor section
[    17.445] (II) vmware(0): Printing probed modes for output Virtual1
[    17.445] (II) vmware(0): Modeline "1920x975"x60.0  139.72  1920 1970 2020 2070  975 1025 1075 1125 -hsync +vsync (67.5 kHz eP)
[    17.446] (II) vmware(0): Modeline "2560x1600"x60.0  348.50  2560 2752 3032 3504  1600 1603 1609 1658 -hsync +vsync (99.5 kHz e)
[    17.446] (II) vmware(0): Modeline "1920x1440"x60.0  234.00  1920 2048 2256 2600  1440 1441 1444 1500 -hsync +vsync (90.0 kHz e)
[    17.446] (II) vmware(0): Modeline "1856x1392"x60.0  218.25  1856 1952 2176 2528  1392 1393 1396 1439 -hsync +vsync (86.3 kHz e)
[    17.446] (II) vmware(0): Modeline "1792x1344"x60.0  204.75  1792 1920 2120 2448  1344 1345 1348 1394 -hsync +vsync (83.6 kHz e)
[    17.446] (II) vmware(0): Modeline "1920x1200"x59.9  193.25  1920 2056 2256 2592  1200 1203 1209 1245 -hsync +vsync (74.6 kHz e)
[    17.446] (II) vmware(0): Modeline "1600x1200"x60.0  162.00  1600 1664 1856 2160  1200 1201 1204 1250 +hsync +vsync (75.0 kHz e)
[    17.446] (II) vmware(0): Modeline "1680x1050"x60.0  146.25  1680 1784 1960 2240  1050 1053 1059 1089 -hsync +vsync (65.3 kHz e)
[    17.446] (II) vmware(0): Modeline "1400x1050"x60.0  121.75  1400 1488 1632 1864  1050 1053 1057 1089 -hsync +vsync (65.3 kHz e)
[    17.446] (II) vmware(0): Modeline "1280x1024"x60.0  108.00  1280 1328 1440 1688  1024 1025 1028 1066 +hsync +vsync (64.0 kHz e)
[    17.446] (II) vmware(0): Modeline "1440x900"x59.9  106.50  1440 1520 1672 1904  900 903 909 934 -hsync +vsync (55.9 kHz e)
[    17.446] (II) vmware(0): Modeline "1280x960"x60.0  108.00  1280 1376 1488 1800  960 961 964 1000 +hsync +vsync (60.0 kHz e)
[    17.447] (II) vmware(0): Modeline "1360x768"x60.0   85.50  1360 1424 1536 1792  768 771 777 795 +hsync +vsync (47.7 kHz e)
[    17.447] (II) vmware(0): Modeline "1280x800"x59.8   83.50  1280 1352 1480 1680  800 803 809 831 +hsync -vsync (49.7 kHz e)
[    17.447] (II) vmware(0): Modeline "1152x864"x75.0  108.00  1152 1216 1344 1600  864 865 868 900 +hsync +vsync (67.5 kHz e)
[    17.447] (II) vmware(0): Modeline "1280x768"x59.9   79.50  1280 1344 1472 1664  768 771 778 798 -hsync +vsync (47.8 kHz e)
[    17.447] (II) vmware(0): Modeline "1024x768"x60.0   65.00  1024 1048 1184 1344  768 771 777 806 -hsync -vsync (48.4 kHz e)
[    17.447] (II) vmware(0): Modeline "800x600"x60.3   40.00  800 840 968 1056  600 601 605 628 +hsync +vsync (37.9 kHz e)
[    17.447] (II) vmware(0): Modeline "640x480"x59.9   25.18  640 656 752 800  480 489 492 525 -hsync -vsync (31.5 kHz e)
[    17.447] (II) vmware(0): EDID for output Virtual2
[    17.447] (II) vmware(0): EDID for output Virtual3
[    17.447] (II) vmware(0): EDID for output Virtual4
[    17.448] (II) vmware(0): EDID for output Virtual5
[    17.448] (II) vmware(0): EDID for output Virtual6
[    17.448] (II) vmware(0): EDID for output Virtual7
[    17.448] (II) vmware(0): EDID for output Virtual8
[    17.448] (II) vmware(0): Output Virtual1 connected
[    17.448] (II) vmware(0): Output Virtual2 disconnected
[    17.448] (II) vmware(0): Output Virtual3 disconnected
[    17.448] (II) vmware(0): Output Virtual4 disconnected
[    17.448] (II) vmware(0): Output Virtual5 disconnected
[    17.448] (II) vmware(0): Output Virtual6 disconnected
[    17.448] (II) vmware(0): Output Virtual7 disconnected
[    17.449] (II) vmware(0): Output Virtual8 disconnected
[    17.449] (II) vmware(0): Using exact sizes for initial modes
[    17.449] (II) vmware(0): Output Virtual1 using initial mode 1920x975 +0+0
[    17.449] (==) vmware(0): DPI set to (96, 96)
[    17.449] (==) vmware(0): Using gamma correction (1.0, 1.0, 1.0)
[    17.449] (II) Loading sub module "fb"
[    17.449] (II) LoadModule: "fb"
[    17.449] (II) Loading /usr/lib/xorg/modules/libfb.so
[    17.451] (II) Module fb: vendor="X.Org Foundation"
[    17.451] 	compiled for 1.20.4, module version = 1.0.0
[    17.451] 	ABI class: X.Org ANSI C Emulation, version 0.4
[    17.451] (II) Loading sub module "dri2"
[    17.451] (II) LoadModule: "dri2"
[    17.451] (II) Module "dri2" already built-in
[    17.451] (II) Loading sub module "dri3"
[    17.451] (II) LoadModule: "dri3"
[    17.451] (II) Module "dri3" already built-in
[    17.451] (II) UnloadModule: "modesetting"
[    17.451] (II) Unloading modesetting
[    17.452] (II) UnloadModule: "fbdev"
[    17.452] (II) Unloading fbdev
[    17.452] (II) UnloadSubModule: "fbdevhw"
[    17.452] (II) Unloading fbdevhw
[    17.452] (II) UnloadModule: "vesa"
[    17.452] (II) Unloading vesa
[    17.453] (II) vmware(0): Initialized VMWARE_CTRL extension version 0.2
[    17.461] (WW) vmware(0): Failed to initialize Gallium3D Xa. No render acceleration available.
[    17.461] (WW) vmware(0): Skipped initialization of direct rendering due to lack of render acceleration.
[    17.461] (--) vmware(0): Render acceleration is disabled.
[    17.461] (==) vmware(0): Rendercheck mode is disabled.
[    17.461] (--) vmware(0): Direct rendering (DRI2 3D) is disabled.
[    17.461] (--) vmware(0): Direct rendering (DRI3 3D) is disabled.
[    17.461] (==) vmware(0): Backing store enabled
[    17.461] (==) vmware(0): Silken mouse enabled
[    17.463] (==) vmware(0): DPMS enabled
[    17.463] (II) vmware(0): No 3D acceleration. Not setting up textured video.
[    17.463] (WW) vmware(0): Disabling Xv because no adaptors could be initialized.
[    17.463] (II) Initializing extension Generic Event Extension
[    17.463] (II) Initializing extension SHAPE
[    17.463] (II) Initializing extension MIT-SHM
[    17.464] (II) Initializing extension XInputExtension
[    17.465] (II) Initializing extension XTEST
[    17.465] (II) Initializing extension BIG-REQUESTS
[    17.466] (II) Initializing extension SYNC
[    17.466] (II) Initializing extension XKEYBOARD
[    17.466] (II) Initializing extension XC-MISC
[    17.466] (II) Initializing extension SECURITY
[    17.467] (II) Initializing extension XFIXES
[    17.467] (II) Initializing extension RENDER
[    17.467] (II) Initializing extension RANDR
[    17.468] (II) Initializing extension COMPOSITE
[    17.468] (II) Initializing extension DAMAGE
[    17.468] (II) Initializing extension MIT-SCREEN-SAVER
[    17.469] (II) Initializing extension DOUBLE-BUFFER
[    17.469] (II) Initializing extension RECORD
[    17.469] (II) Initializing extension DPMS
[    17.469] (II) Initializing extension Present
[    17.470] (II) Initializing extension DRI3
[    17.470] (II) Initializing extension X-Resource
[    17.470] (II) Initializing extension XVideo
[    17.470] (II) Initializing extension XVideo-MotionCompensation
[    17.470] (II) Initializing extension SELinux
[    17.471] (II) SELinux: Disabled on system
[    17.471] (II) Initializing extension GLX
[    17.471] (II) AIGLX: Screen 0 is not DRI2 capable
[    17.508] (II) IGLX: Loaded and initialized swrast
[    17.508] (II) GLX: Initialized DRISWRAST GL provider for screen 0
[    17.508] (II) Initializing extension XFree86-VidModeExtension
[    17.508] (II) Initializing extension XFree86-DGA
[    17.509] (II) Initializing extension XFree86-DRI
[    17.509] (II) Initializing extension DRI2
[    17.577] (II) vmware(0): Setting screen physical size to 508 x 257
[    17.654] (II) config/udev: Adding input device Power Button (/dev/input/event0)
[    17.654] (**) Power Button: Applying InputClass "libinput keyboard catchall"
[    17.654] (II) LoadModule: "libinput"
[    17.654] (II) Loading /usr/lib/xorg/modules/input/libinput_drv.so
[    17.660] (II) Module libinput: vendor="X.Org Foundation"
[    17.660] 	compiled for 1.20.1, module version = 0.28.1
[    17.660] 	Module class: X.Org XInput Driver
[    17.660] 	ABI class: X.Org XInput driver, version 24.1
[    17.660] (II) Using input driver 'libinput' for 'Power Button'
[    17.663] (II) systemd-logind: got fd for /dev/input/event0 13:64 fd 20 paused 0
[    17.663] (**) Power Button: always reports core events
[    17.663] (**) Option "Device" "/dev/input/event0"
[    17.663] (**) Option "_source" "server/udev"
[    17.663] (II) event0  - Power Button: is tagged by udev as: Keyboard
[    17.664] (II) event0  - Power Button: device is a keyboard
[    17.664] (II) event0  - Power Button: device removed
[    17.664] (**) Option "config_info" "udev:/sys/devices/LNXSYSTM:00/LNXPWRBN:00/input/input0/event0"
[    17.664] (II) XINPUT: Adding extended input device "Power Button" (type: KEYBOARD, id 6)
[    17.664] (**) Option "xkb_model" "pc105"
[    17.664] (**) Option "xkb_layout" "us"
[    17.665] (II) event0  - Power Button: is tagged by udev as: Keyboard
[    17.665] (II) event0  - Power Button: device is a keyboard
[    17.665] (II) config/udev: Adding input device Sleep Button (/dev/input/event1)
[    17.665] (**) Sleep Button: Applying InputClass "libinput keyboard catchall"
[    17.665] (II) Using input driver 'libinput' for 'Sleep Button'
[    17.667] (II) systemd-logind: got fd for /dev/input/event1 13:65 fd 23 paused 0
[    17.668] (**) Sleep Button: always reports core events
[    17.668] (**) Option "Device" "/dev/input/event1"
[    17.668] (**) Option "_source" "server/udev"
[    17.668] (II) event1  - Sleep Button: is tagged by udev as: Keyboard
[    17.668] (II) event1  - Sleep Button: device is a keyboard
[    17.668] (II) event1  - Sleep Button: device removed
[    17.668] (**) Option "config_info" "udev:/sys/devices/LNXSYSTM:00/LNXSLPBN:00/input/input1/event1"
[    17.669] (II) XINPUT: Adding extended input device "Sleep Button" (type: KEYBOARD, id 7)
[    17.669] (**) Option "xkb_model" "pc105"
[    17.669] (**) Option "xkb_layout" "us"
[    17.669] (II) event1  - Sleep Button: is tagged by udev as: Keyboard
[    17.669] (II) event1  - Sleep Button: device is a keyboard
[    17.670] (II) config/udev: Adding input device Video Bus (/dev/input/event3)
[    17.670] (**) Video Bus: Applying InputClass "libinput keyboard catchall"
[    17.670] (II) Using input driver 'libinput' for 'Video Bus'
[    17.672] (II) systemd-logind: got fd for /dev/input/event3 13:67 fd 24 paused 0
[    17.672] (**) Video Bus: always reports core events
[    17.672] (**) Option "Device" "/dev/input/event3"
[    17.672] (**) Option "_source" "server/udev"
[    17.673] (II) event3  - Video Bus: is tagged by udev as: Keyboard
[    17.673] (II) event3  - Video Bus: device is a keyboard
[    17.673] (II) event3  - Video Bus: device removed
[    17.673] (**) Option "config_info" "udev:/sys/devices/LNXSYSTM:00/LNXSYBUS:00/PNP0A03:00/LNXVIDEO:00/input/input4/event3"
[    17.673] (II) XINPUT: Adding extended input device "Video Bus" (type: KEYBOARD, id 8)
[    17.673] (**) Option "xkb_model" "pc105"
[    17.674] (**) Option "xkb_layout" "us"
[    17.674] (II) event3  - Video Bus: is tagged by udev as: Keyboard
[    17.674] (II) event3  - Video Bus: device is a keyboard
[    17.675] (II) config/udev: Adding input device VirtualBox mouse integration (/dev/input/event5)
[    17.675] (**) VirtualBox mouse integration: Applying InputClass "libinput pointer catchall"
[    17.675] (II) Using input driver 'libinput' for 'VirtualBox mouse integration'
[    17.678] (II) systemd-logind: got fd for /dev/input/event5 13:69 fd 25 paused 0
[    17.678] (**) VirtualBox mouse integration: always reports core events
[    17.678] (**) Option "Device" "/dev/input/event5"
[    17.678] (**) Option "_source" "server/udev"
[    17.678] (II) event5  - VirtualBox mouse integration: is tagged by udev as: Mouse
[    17.678] (II) event5  - VirtualBox mouse integration: device is a pointer
[    17.678] (II) event5  - VirtualBox mouse integration: device removed
[    17.679] (**) Option "config_info" "udev:/sys/devices/pci0000:00/0000:00:04.0/input/input6/event5"
[    17.679] (II) XINPUT: Adding extended input device "VirtualBox mouse integration" (type: MOUSE, id 9)
[    17.679] (**) Option "AccelerationScheme" "none"
[    17.679] (**) VirtualBox mouse integration: (accel) selected scheme none/0
[    17.679] (**) VirtualBox mouse integration: (accel) acceleration factor: 2.000
[    17.679] (**) VirtualBox mouse integration: (accel) acceleration threshold: 4
[    17.680] (II) event5  - VirtualBox mouse integration: is tagged by udev as: Mouse
[    17.680] (II) event5  - VirtualBox mouse integration: device is a pointer
[    17.680] (II) config/udev: Adding input device AT Translated Set 2 keyboard (/dev/input/event2)
[    17.680] (**) AT Translated Set 2 keyboard: Applying InputClass "libinput keyboard catchall"
[    17.681] (II) Using input driver 'libinput' for 'AT Translated Set 2 keyboard'
[    17.683] (II) systemd-logind: got fd for /dev/input/event2 13:66 fd 26 paused 0
[    17.683] (**) AT Translated Set 2 keyboard: always reports core events
[    17.683] (**) Option "Device" "/dev/input/event2"
[    17.683] (**) Option "_source" "server/udev"
[    17.683] (II) event2  - AT Translated Set 2 keyboard: is tagged by udev as: Keyboard
[    17.683] (II) event2  - AT Translated Set 2 keyboard: device is a keyboard
[    17.684] (II) event2  - AT Translated Set 2 keyboard: device removed
[    17.684] (**) Option "config_info" "udev:/sys/devices/platform/i8042/serio0/input/input2/event2"
[    17.684] (II) XINPUT: Adding extended input device "AT Translated Set 2 keyboard" (type: KEYBOARD, id 10)
[    17.684] (**) Option "xkb_model" "pc105"
[    17.684] (**) Option "xkb_layout" "us"
[    17.685] (II) event2  - AT Translated Set 2 keyboard: is tagged by udev as: Keyboard
[    17.685] (II) event2  - AT Translated Set 2 keyboard: device is a keyboard
[    17.685] (II) config/udev: Adding input device ImExPS/2 Generic Explorer Mouse (/dev/input/event4)
[    17.685] (**) ImExPS/2 Generic Explorer Mouse: Applying InputClass "libinput pointer catchall"
[    17.685] (II) Using input driver 'libinput' for 'ImExPS/2 Generic Explorer Mouse'
[    17.687] (II) systemd-logind: got fd for /dev/input/event4 13:68 fd 27 paused 0
[    17.687] (**) ImExPS/2 Generic Explorer Mouse: always reports core events
[    17.687] (**) Option "Device" "/dev/input/event4"
[    17.687] (**) Option "_source" "server/udev"
[    17.688] (II) event4  - ImExPS/2 Generic Explorer Mouse: is tagged by udev as: Mouse
[    17.688] (II) event4  - ImExPS/2 Generic Explorer Mouse: device is a pointer
[    17.688] (II) event4  - ImExPS/2 Generic Explorer Mouse: device removed
[    17.688] (**) Option "config_info" "udev:/sys/devices/platform/i8042/serio1/input/input5/event4"
[    17.688] (II) XINPUT: Adding extended input device "ImExPS/2 Generic Explorer Mouse" (type: MOUSE, id 11)
[    17.689] (**) Option "AccelerationScheme" "none"
[    17.689] (**) ImExPS/2 Generic Explorer Mouse: (accel) selected scheme none/0
[    17.689] (**) ImExPS/2 Generic Explorer Mouse: (accel) acceleration factor: 2.000
[    17.689] (**) ImExPS/2 Generic Explorer Mouse: (accel) acceleration threshold: 4
[    17.689] (II) event4  - ImExPS/2 Generic Explorer Mouse: is tagged by udev as: Mouse
[    17.690] (II) event4  - ImExPS/2 Generic Explorer Mouse: device is a pointer
[    17.690] (II) config/udev: Adding input device ImExPS/2 Generic Explorer Mouse (/dev/input/mouse0)
[    17.690] (II) No input driver specified, ignoring this device.
[    17.690] (II) This device may have been added with another device file.
